<?xml version="1.0" encoding="UTF-8"?>
<testsuite xmlns:xsi="http://www.w3.org/2001/XMLSchema-instance" xsi:noNamespaceSchemaLocation="https://maven.apache.org/surefire/maven-surefire-plugin/xsd/surefire-test-report.xsd" version="3.0.2" name="bdddemo.RunCucumberTest" time="38.189" tests="4" errors="0" skipped="0" failures="0">
  <properties>
[...]
</properties>
  <testcase name="Error message will show after sign in with invalid email format" classname="Sign In with Email and Password" time="10.749">
    <system-out><![CDATA[
&amp#27;[1mScenario:&amp#27;[22m Error message will show after sign in with invalid email format   &amp#27;[90m# classpath:bdddemo/signin.feature:3&amp#27;[39m
  &amp#27;[32m✔&amp#27;[39m &amp#27;[32m&amp#27;[1mGiven &amp#27;[22mThe sign in page is showed&amp#27;[39m                                        &amp#27;[90m# bdddemo.SingInStepsDefinition.the_sign_in_page_is_showed()&amp#27;[39m
  &amp#27;[32m✔&amp#27;[39m &amp#27;[32m&amp#27;[1mWhen &amp#27;[22mThe user attempt to sign in with invalid email format&amp#27;[39m              &amp#27;[90m# bdddemo.SingInStepsDefinition.the_user_attempt_to_sign_in_with_invalid_email_format()&amp#27;[39m
  &amp#27;[32m✔&amp#27;[39m &amp#27;[32m&amp#27;[1mThen &amp#27;[22mThe message &amp#27;[1m"- Vui lòng nhập Email đúng định dạng"&amp#27;[22m will be showed.&amp#27;[39m &amp#27;[90m# bdddemo.SingInStepsDefinition.the_message_will_be_showed(java.lang.String)&amp#27;[39m
]]></system-out>
  </testcase>
  <testcase name="Hiển thị thông báo thiếu dữ liệu cho username và password" classname="Sign In with Email and Password" time="8.951">
    <system-out><![CDATA[
&amp#27;[1mScenario:&amp#27;[22m Hiển thị thông báo thiếu dữ liệu cho username và password     &amp#27;[90m# classpath:bdddemo/signin.feature:8&amp#27;[39m
  &amp#27;[32m✔&amp#27;[39m &amp#27;[32m&amp#27;[1mGiven &amp#27;[22mMở trang Sign In&amp#27;[39m                                              &amp#27;[90m# bdddemo.SingInStepsDefinition.mo_trang_sign_in()&amp#27;[39m
  &amp#27;[32m✔&amp#27;[39m &amp#27;[32m&amp#27;[1mWhen &amp#27;[22mKhi người dùng thực hiện sign in với username và password rỗng&amp#27;[39m &amp#27;[90m# bdddemo.SingInStepsDefinition.khi_nguoi_dung_thuc_hien_sign_in_voi_username_va_password_rong()&amp#27;[39m
  &amp#27;[32m✔&amp#27;[39m &amp#27;[32m&amp#27;[1mThen &amp#27;[22mThông báo &amp#27;[1m"Vui lòng nhập dữ liệu"&amp#27;[22m sẽ hiển thị bên dưới.&amp#27;[39m        &amp#27;[90m# bdddemo.SingInStepsDefinition.thong_bao_se_hien_thi_ben_duoi(java.lang.String)&amp#27;[39m
]]></system-out>
  </testcase>
  <testcase name="Hiển thị thông báo lỗi khi sigin với mật khẩu sai" classname="Sign In with Email and Password" time="9.2">
    <system-out><![CDATA[
&amp#27;[1mScenario:&amp#27;[22m Hiển thị thông báo lỗi khi sigin với mật khẩu sai                                 &amp#27;[90m# classpath:bdddemo/signin.feature:13&amp#27;[39m
  &amp#27;[32m✔&amp#27;[39m &amp#27;[32m&amp#27;[1mGiven &amp#27;[22mMở trang Sign In&amp#27;[39m                                                                  &amp#27;[90m# bdddemo.SingInStepsDefinition.mo_trang_sign_in()&amp#27;[39m
  &amp#27;[32m✔&amp#27;[39m &amp#27;[32m&amp#27;[1mWhen &amp#27;[22mNgười dùng thực hiện sign in với username &amp#27;[1m"khanh.tx@live.com"&amp#27;[22m và mật khẩu &amp#27;[1m"abc123"&amp#27;[22m&amp#27;[39m &amp#27;[90m# bdddemo.SingInStepsDefinition.nguoi_dung_thuc_hien_sign_in_voi_username_va_mat_khau(java.lang.String,java.lang.String)&amp#27;[39m
  &amp#27;[32m✔&amp#27;[39m &amp#27;[32m&amp#27;[1mThen &amp#27;[22mThông báo &amp#27;[1m"- Mật khẩu không đúng, vui lòng kiểm tra lại"&amp#27;[22m sẽ hiển thị&amp#27;[39m               &amp#27;[90m# bdddemo.SingInStepsDefinition.thong_bao_se_hien_thi(java.lang.String)&amp#27;[39m
]]></system-out>
  </testcase>
  <testcase name="Hiển thị thông báo lỗi khi sigin với username không đúng" classname="Sign In with Email and Password" time="9.176">
    <system-out><![CDATA[
&amp#27;[1mScenario:&amp#27;[22m Hiển thị thông báo lỗi khi sigin với username không đúng                             &amp#27;[90m# classpath:bdddemo/signin.feature:18&amp#27;[39m
  &amp#27;[32m✔&amp#27;[39m &amp#27;[32m&amp#27;[1mGiven &amp#27;[22mMở trang Sign In&amp#27;[39m                                                                     &amp#27;[90m# bdddemo.SingInStepsDefinition.mo_trang_sign_in()&amp#27;[39m
  &amp#27;[32m✔&amp#27;[39m &amp#27;[32m&amp#27;[1mWhen &amp#27;[22mNgười dùng thực hiện sign in với username &amp#27;[1m"khanh.tx123@live.com"&amp#27;[22m và mật khẩu &amp#27;[1m"abc123"&amp#27;[22m&amp#27;[39m &amp#27;[90m# bdddemo.SingInStepsDefinition.nguoi_dung_thuc_hien_sign_in_voi_username_va_mat_khau(java.lang.String,java.lang.String)&amp#27;[39m
  &amp#27;[32m✔&amp#27;[39m &amp#27;[32m&amp#27;[1mThen &amp#27;[22mThông báo &amp#27;[1m"- Tài khoản không tồn tại, vui lòng kiểm tra lại"&amp#27;[22m sẽ hiển thị&amp#27;[39m              &amp#27;[90m# bdddemo.SingInStepsDefinition.thong_bao_se_hien_thi(java.lang.String)&amp#27;[39m
]]></system-out>
  </testcase>
</testsuite>